Vivado Simulator 2016.1
Copyright 1986-1999, 2001-2016 Xilinx, Inc. All Rights Reserved.
Running: /opt/Xilinx/Vivado/2016.1/bin/unwrapped/lnx64.o/xelab xil_defaultlib.apatb_spk_packet_tx_top -prj spk_packet_tx.prj --lib ieee_proposed=./ieee_proposed -s spk_packet_tx -debug wave 
Multi-threading is on. Using 46 slave threads.
WARNING: [XSIM 43-3431] One or more environment variables have been detected which affect the operation of the C compiler. These are typically not set in standard installations and are not tested by Xilinx, however they may be appropriate for your system, so the flow will attempt to continue.  If errors occur, try running fuse with the "-mt off -v 1" switches to see more information from the C compiler. The following environment variables have been detected:
INFO: [VRFC 10-2263] Analyzing Verilog file "/vivado_proj/spk_packet_protocol/tx/spk_tx/spk_tx/solution1/sim/verilog/spk_packet_tx_mux_32to1_sel5_4_1.v" into library xil_defaultlib
INFO: [VRFC 10-311] analyzing module spk_packet_tx_mux_32to1_sel5_4_1
INFO: [VRFC 10-2263] Analyzing Verilog file "/vivado_proj/spk_packet_protocol/tx/spk_tx/spk_tx/solution1/sim/verilog/AESL_axi_s_out_pre.v" into library xil_defaultlib
INFO: [VRFC 10-311] analyzing module AESL_axi_s_out_pre
INFO: [VRFC 10-2263] Analyzing Verilog file "/vivado_proj/spk_packet_protocol/tx/spk_tx/spk_tx/solution1/sim/verilog/spk_packet_tx.autotb.v" into library xil_defaultlib
INFO: [VRFC 10-311] analyzing module apatb_spk_packet_tx_top
INFO: [VRFC 10-2458] undeclared symbol ap_clk, assumed default net type wire [/vivado_proj/spk_packet_protocol/tx/spk_tx/spk_tx/solution1/sim/verilog/spk_packet_tx.autotb.v:159]
INFO: [VRFC 10-2458] undeclared symbol ap_rst_n, assumed default net type wire [/vivado_proj/spk_packet_protocol/tx/spk_tx/spk_tx/solution1/sim/verilog/spk_packet_tx.autotb.v:160]
INFO: [VRFC 10-2458] undeclared symbol ap_rst_n_n, assumed default net type wire [/vivado_proj/spk_packet_protocol/tx/spk_tx/spk_tx/solution1/sim/verilog/spk_packet_tx.autotb.v:187]
INFO: [VRFC 10-2263] Analyzing Verilog file "/vivado_proj/spk_packet_protocol/tx/spk_tx/spk_tx/solution1/sim/verilog/AESL_fifo.v" into library xil_defaultlib
INFO: [VRFC 10-311] analyzing module fifo
INFO: [VRFC 10-2263] Analyzing Verilog file "/vivado_proj/spk_packet_protocol/tx/spk_tx/spk_tx/solution1/sim/verilog/spk_packet_tx.v" into library xil_defaultlib
INFO: [VRFC 10-311] analyzing module spk_packet_tx
INFO: [VRFC 10-2263] Analyzing Verilog file "/vivado_proj/spk_packet_protocol/tx/spk_tx/spk_tx/solution1/sim/verilog/spk_packet_tx_mux_32to1_sel5_96_1.v" into library xil_defaultlib
INFO: [VRFC 10-311] analyzing module spk_packet_tx_mux_32to1_sel5_96_1
INFO: [VRFC 10-2263] Analyzing Verilog file "/vivado_proj/spk_packet_protocol/tx/spk_tx/spk_tx/solution1/sim/verilog/AESL_axi_s_time_stamp_V.v" into library xil_defaultlib
INFO: [VRFC 10-311] analyzing module AESL_axi_s_time_stamp_V
INFO: [VRFC 10-2263] Analyzing Verilog file "/vivado_proj/spk_packet_protocol/tx/spk_tx/spk_tx/solution1/sim/verilog/spk_packet_tx_buf_2d_V_0.v" into library xil_defaultlib
INFO: [VRFC 10-311] analyzing module spk_packet_tx_buf_2d_V_0_ram
INFO: [VRFC 10-311] analyzing module spk_packet_tx_buf_2d_V_0
INFO: [VRFC 10-2263] Analyzing Verilog file "/vivado_proj/spk_packet_protocol/tx/spk_tx/spk_tx/solution1/sim/verilog/AESL_axi_s_out_post.v" into library xil_defaultlib
INFO: [VRFC 10-311] analyzing module AESL_axi_s_out_post
INFO: [VRFC 10-2263] Analyzing Verilog file "/vivado_proj/spk_packet_protocol/tx/spk_tx/spk_tx/solution1/sim/verilog/AESL_axi_s_mua_stream.v" into library xil_defaultlib
INFO: [VRFC 10-311] analyzing module AESL_axi_s_mua_stream
INFO: [VRFC 10-2263] Analyzing Verilog file "/vivado_proj/spk_packet_protocol/tx/spk_tx/spk_tx/solution1/sim/verilog/spk_packet_tx_mux_32to1_sel5_2_1.v" into library xil_defaultlib
INFO: [VRFC 10-311] analyzing module spk_packet_tx_mux_32to1_sel5_2_1
Starting static elaboration
Completed static elaboration
Starting simulation data flow analysis
Completed simulation data flow analysis
Time Resolution for simulation is 1ps
Compiling module xil_defaultlib.spk_packet_tx_buf_2d_V_0_ram
Compiling module xil_defaultlib.spk_packet_tx_buf_2d_V_0(DataWid...
Compiling module xil_defaultlib.spk_packet_tx_mux_32to1_sel5_4_1...
Compiling module xil_defaultlib.spk_packet_tx_mux_32to1_sel5_2_1...
Compiling module xil_defaultlib.spk_packet_tx_mux_32to1_sel5_96_...
Compiling module xil_defaultlib.spk_packet_tx
Compiling module xil_defaultlib.fifo(DEPTH=1,WIDTH=32)
Compiling module xil_defaultlib.fifo(DEPTH=1,WIDTH=5)
Compiling module xil_defaultlib.fifo(DEPTH=1,WIDTH=96)
Compiling module xil_defaultlib.AESL_axi_s_mua_stream
Compiling module xil_defaultlib.fifo(DEPTH=1,WIDTH=1)
Compiling module xil_defaultlib.AESL_axi_s_out_pre
Compiling module xil_defaultlib.AESL_axi_s_out_post
Compiling module xil_defaultlib.AESL_axi_s_time_stamp_V
Compiling module xil_defaultlib.apatb_spk_packet_tx_top
Built simulation snapshot spk_packet_tx
