#-----------------------------------------------------------
# Vivado v2016.1 (64-bit)
# SW Build 1538259 on Fri Apr  8 15:45:23 MDT 2016
# IP Build 1537824 on Fri Apr  8 04:28:57 MDT 2016
# Start of session at: Sat Sep 24 16:25:12 2016
# Process ID: 4765
# Current directory: /vivado_proj/spk_packet_protocol/rx/spk_rx/spk_rx/solution1/sim/verilog
# Command line: vivado -source open_wave.tcl
# Log file: /vivado_proj/spk_packet_protocol/rx/spk_rx/spk_rx/solution1/sim/verilog/vivado.log
# Journal file: /vivado_proj/spk_packet_protocol/rx/spk_rx/spk_rx/solution1/sim/verilog/vivado.jou
#-----------------------------------------------------------
start_gui
source open_wave.tcl
# current_fileset
INFO: [IP_Flow 19-234] Refreshing IP repositories
INFO: [IP_Flow 19-1704] No user IP repositories specified
INFO: [IP_Flow 19-2313] Loaded Vivado IP repository '/opt/Xilinx/Vivado/2016.1/data/ip'.
# open_wave_database spk_packet_rx.wdb
open_wave_config /vivado_proj/spk_packet_protocol/rx/spk_rx/spk_rx/solution1/sim/verilog/spk_packet_rx.wcfg
close_sim
INFO: [Simtcl 6-16] Simulation closed
exit
INFO: [Common 17-206] Exiting Vivado at Sat Sep 24 16:31:59 2016...
