Vivado Simulator 2016.1
Copyright 1986-1999, 2001-2016 Xilinx, Inc. All Rights Reserved.
Running: /opt/Xilinx/Vivado/2016.1/bin/unwrapped/lnx64.o/xelab xil_defaultlib.apatb_spk_packet_rx_top -prj spk_packet_rx.prj --lib ieee_proposed=./ieee_proposed -s spk_packet_rx -debug wave 
Multi-threading is on. Using 46 slave threads.
WARNING: [XSIM 43-3431] One or more environment variables have been detected which affect the operation of the C compiler. These are typically not set in standard installations and are not tested by Xilinx, however they may be appropriate for your system, so the flow will attempt to continue.  If errors occur, try running fuse with the "-mt off -v 1" switches to see more information from the C compiler. The following environment variables have been detected:
INFO: [VRFC 10-2263] Analyzing Verilog file "/vivado_proj/spk_packet_protocol/rx/spk_rx/spk_rx/solution1/sim/verilog/AESL_axi_s_post_in.v" into library xil_defaultlib
INFO: [VRFC 10-311] analyzing module AESL_axi_s_post_in
INFO: [VRFC 10-2263] Analyzing Verilog file "/vivado_proj/spk_packet_protocol/rx/spk_rx/spk_rx/solution1/sim/verilog/spk_packet_rx_mac_muladd_6ns_6ns_5ns_11_3.v" into library xil_defaultlib
INFO: [VRFC 10-311] analyzing module spk_packet_rx_mac_muladd_6ns_6ns_5ns_11_3_DSP48_0
INFO: [VRFC 10-311] analyzing module spk_packet_rx_mac_muladd_6ns_6ns_5ns_11_3
INFO: [VRFC 10-2263] Analyzing Verilog file "/vivado_proj/spk_packet_protocol/rx/spk_rx/spk_rx/solution1/sim/verilog/spk_packet_rx.autotb.v" into library xil_defaultlib
INFO: [VRFC 10-311] analyzing module apatb_spk_packet_rx_top
INFO: [VRFC 10-2458] undeclared symbol ap_clk, assumed default net type wire [/vivado_proj/spk_packet_protocol/rx/spk_rx/spk_rx/solution1/sim/verilog/spk_packet_rx.autotb.v:143]
INFO: [VRFC 10-2458] undeclared symbol ap_rst_n, assumed default net type wire [/vivado_proj/spk_packet_protocol/rx/spk_rx/spk_rx/solution1/sim/verilog/spk_packet_rx.autotb.v:144]
INFO: [VRFC 10-2458] undeclared symbol ap_rst_n_n, assumed default net type wire [/vivado_proj/spk_packet_protocol/rx/spk_rx/spk_rx/solution1/sim/verilog/spk_packet_rx.autotb.v:173]
INFO: [VRFC 10-2263] Analyzing Verilog file "/vivado_proj/spk_packet_protocol/rx/spk_rx/spk_rx/solution1/sim/verilog/AESL_fifo.v" into library xil_defaultlib
INFO: [VRFC 10-311] analyzing module fifo
INFO: [VRFC 10-2263] Analyzing Verilog file "/vivado_proj/spk_packet_protocol/rx/spk_rx/spk_rx/solution1/sim/verilog/AESL_axi_s_spk_out_stream.v" into library xil_defaultlib
INFO: [VRFC 10-311] analyzing module AESL_axi_s_spk_out_stream
INFO: [VRFC 10-2263] Analyzing Verilog file "/vivado_proj/spk_packet_protocol/rx/spk_rx/spk_rx/solution1/sim/verilog/spk_packet_rx_mul_6ns_6ns_11_3.v" into library xil_defaultlib
INFO: [VRFC 10-311] analyzing module spk_packet_rx_mul_6ns_6ns_11_3_MulnS_0
INFO: [VRFC 10-311] analyzing module spk_packet_rx_mul_6ns_6ns_11_3
INFO: [VRFC 10-2263] Analyzing Verilog file "/vivado_proj/spk_packet_protocol/rx/spk_rx/spk_rx/solution1/sim/verilog/AESL_axi_s_pre_in.v" into library xil_defaultlib
INFO: [VRFC 10-311] analyzing module AESL_axi_s_pre_in
INFO: [VRFC 10-2263] Analyzing Verilog file "/vivado_proj/spk_packet_protocol/rx/spk_rx/spk_rx/solution1/sim/verilog/AESL_axi_s_time_stamp_V.v" into library xil_defaultlib
INFO: [VRFC 10-311] analyzing module AESL_axi_s_time_stamp_V
INFO: [VRFC 10-2263] Analyzing Verilog file "/vivado_proj/spk_packet_protocol/rx/spk_rx/spk_rx/solution1/sim/verilog/spk_packet_rx_spk_V.v" into library xil_defaultlib
INFO: [VRFC 10-311] analyzing module spk_packet_rx_spk_V_ram
INFO: [VRFC 10-311] analyzing module spk_packet_rx_spk_V
INFO: [VRFC 10-2263] Analyzing Verilog file "/vivado_proj/spk_packet_protocol/rx/spk_rx/spk_rx/solution1/sim/verilog/spk_packet_rx.v" into library xil_defaultlib
INFO: [VRFC 10-311] analyzing module spk_packet_rx
Starting static elaboration
Completed static elaboration
Starting simulation data flow analysis
Completed simulation data flow analysis
Time Resolution for simulation is 1ps
Compiling module xil_defaultlib.spk_packet_rx_spk_V_ram
Compiling module xil_defaultlib.spk_packet_rx_spk_V(DataWidth=32...
Compiling module xil_defaultlib.spk_packet_rx_mul_6ns_6ns_11_3_M...
Compiling module xil_defaultlib.spk_packet_rx_mul_6ns_6ns_11_3(I...
Compiling module xil_defaultlib.spk_packet_rx_mac_muladd_6ns_6ns...
Compiling module xil_defaultlib.spk_packet_rx_mac_muladd_6ns_6ns...
Compiling module xil_defaultlib.spk_packet_rx
Compiling module xil_defaultlib.fifo(DEPTH=1,WIDTH=5)
Compiling module xil_defaultlib.fifo(DEPTH=1,WIDTH=1)
Compiling module xil_defaultlib.fifo(DEPTH=1,WIDTH=6)
Compiling module xil_defaultlib.fifo(DEPTH=1,WIDTH=32)
Compiling module xil_defaultlib.AESL_axi_s_pre_in
Compiling module xil_defaultlib.AESL_axi_s_post_in
Compiling module xil_defaultlib.AESL_axi_s_time_stamp_V
Compiling module xil_defaultlib.fifo(DEPTH=19,WIDTH=6)
Compiling module xil_defaultlib.fifo(DEPTH=19,WIDTH=32)
Compiling module xil_defaultlib.AESL_axi_s_spk_out_stream
Compiling module xil_defaultlib.apatb_spk_packet_rx_top
Built simulation snapshot spk_packet_rx
