                             latency        interval
transaction       0:               7               8
transaction       1:               8               9
transaction       2:               7               8
transaction       3:               8               9
transaction       4:               7               8
transaction       5:               8               9
transaction       6:               7               8
transaction       7:               8               9
transaction       8:               7               8
transaction       9:               8               9
transaction      10:               7               8
transaction      11:               8               9
transaction      12:               7               8
transaction      13:               8               9
transaction      14:               7               8
transaction      15:               8               9
transaction      16:               7               8
transaction      17:               8               9
transaction      18:               7               8
transaction      19:               8               9
transaction      20:               7               8
transaction      21:               8               9
transaction      22:               7               8
transaction      23:               8               9
transaction      24:               7               8
transaction      25:               8               9
transaction      26:               7               8
transaction      27:               8               9
transaction      28:               7               8
transaction      29:               8               9
transaction      30:               7               8
transaction      31:               8               9
transaction      32:               8               9
transaction      33:               8               9
transaction      34:               8               9
transaction      35:               8               9
transaction      36:              28              29
transaction      37:              28               x
