   Compiling ../../../../../spk_packet_rx_test.cpp in debug mode
   Compiling ../../../../../spk_packet_rx.cpp in debug mode
   Generating csim.exe
551	70	29	0
552	70	29	1
553	70	29	2
554	70	29	3
555	70	29	4
556	70	29	5
557	70	29	6
558	70	29	7
559	70	29	8
560	70	29	9
561	70	29	10
562	70	29	11
563	70	29	12
564	70	29	13
565	70	29	14
566	70	29	15
567	70	29	16
568	70	29	17
569	70	29	18
304	78	16	0
305	78	16	1
306	78	16	2
307	78	16	3
308	78	16	4
309	78	16	5
310	78	16	6
311	78	16	7
312	78	16	8
313	78	16	9
314	78	16	10
315	78	16	11
316	78	16	12
317	78	16	13
318	78	16	14
319	78	16	15
320	78	16	16
321	78	16	17
322	78	16	18
INFO: [SIM 1] CSim done with 0 errors.
